<?xml version="1.0" encoding="UTF-8"?>
<!-- Generated by org.testng.reporters.JUnitXMLReporter -->
<testsuite ignored="0" hostname="Hariprasad" failures="0" tests="4" name="Default test" time="33.439" errors="0" timestamp="2023-09-19T10:54:29 IST">
  <testcase classname="com.gh.tests.UserTests" name="testPostUser" time="4.711"/>
  <testcase classname="com.gh.tests.UserTests" name="testGetUserByName" time="2.245"/>
  <testcase classname="com.gh.tests.UserTests" name="testUpdateUserByName" time="2.928"/>
  <testcase classname="com.gh.tests.UserTests" name="testDeleteUserByName" time="22.464"/>
</testsuite> <!-- Default test -->
