<?xml version="1.0" encoding="UTF-8"?>
<testng-results ignored="0" total="4" passed="4" failed="0" skipped="0">
  <reporter-output>
  </reporter-output>
  <suite started-at="2023-09-19T11:52:53 IST" name="PetSuite" finished-at="2023-09-19T11:53:06 IST" duration-ms="12398">
    <groups>
    </groups>
    <test started-at="2023-09-19T11:52:53 IST" name="PetTests" finished-at="2023-09-19T11:53:06 IST" duration-ms="12398">
      <class name="com.gh.tests.UserTests">
        <test-method is-config="true" signature="setup()[pri:0, instance:com.gh.tests.UserTests@441772e]" started-at="2023-09-19T11:52:54 IST" name="setup" finished-at="2023-09-19T11:52:55 IST" duration-ms="938" status="PASS">
          <reporter-output>
          </reporter-output>
        </test-method> <!-- setup -->
        <test-method signature="testPostUser()[pri:1, instance:com.gh.tests.UserTests@441772e]" started-at="2023-09-19T11:52:55 IST" name="testPostUser" finished-at="2023-09-19T11:52:59 IST" duration-ms="4711" status="PASS">
          <reporter-output>
          </reporter-output>
        </test-method> <!-- testPostUser -->
        <test-method signature="testGetUserByName()[pri:2, instance:com.gh.tests.UserTests@441772e]" started-at="2023-09-19T11:52:59 IST" name="testGetUserByName" finished-at="2023-09-19T11:53:01 IST" duration-ms="1688" status="PASS">
          <reporter-output>
          </reporter-output>
        </test-method> <!-- testGetUserByName -->
        <test-method signature="testUpdateUserByName()[pri:3, instance:com.gh.tests.UserTests@441772e]" started-at="2023-09-19T11:53:01 IST" name="testUpdateUserByName" finished-at="2023-09-19T11:53:04 IST" duration-ms="3140" status="PASS">
          <reporter-output>
          </reporter-output>
        </test-method> <!-- testUpdateUserByName -->
        <test-method signature="testDeleteUserByName()[pri:4, instance:com.gh.tests.UserTests@441772e]" started-at="2023-09-19T11:53:04 IST" name="testDeleteUserByName" finished-at="2023-09-19T11:53:06 IST" duration-ms="1531" status="PASS">
          <reporter-output>
          </reporter-output>
        </test-method> <!-- testDeleteUserByName -->
      </class> <!-- com.gh.tests.UserTests -->
    </test> <!-- PetTests -->
  </suite> <!-- PetSuite -->
</testng-results>
