<?xml version="1.0" encoding="UTF-8"?>
<testng-results ignored="0" total="4" passed="4" failed="0" skipped="0">
  <reporter-output>
  </reporter-output>
  <suite started-at="2023-09-19T10:53:56 IST" name="Default suite" finished-at="2023-09-19T10:54:29 IST" duration-ms="33439">
    <groups>
    </groups>
    <test started-at="2023-09-19T10:53:56 IST" name="Default test" finished-at="2023-09-19T10:54:29 IST" duration-ms="33439">
      <class name="com.gh.tests.UserTests">
        <test-method is-config="true" signature="setup()[pri:0, instance:com.gh.tests.UserTests@1aafa419]" started-at="2023-09-19T10:53:56 IST" name="setup" finished-at="2023-09-19T10:53:57 IST" duration-ms="1001" status="PASS">
          <reporter-output>
          </reporter-output>
        </test-method> <!-- setup -->
        <test-method signature="testPostUser()[pri:1, instance:com.gh.tests.UserTests@1aafa419]" started-at="2023-09-19T10:53:57 IST" name="testPostUser" finished-at="2023-09-19T10:54:02 IST" duration-ms="4711" status="PASS">
          <reporter-output>
          </reporter-output>
        </test-method> <!-- testPostUser -->
        <test-method signature="testGetUserByName()[pri:2, instance:com.gh.tests.UserTests@1aafa419]" started-at="2023-09-19T10:54:02 IST" name="testGetUserByName" finished-at="2023-09-19T10:54:04 IST" duration-ms="2245" status="PASS">
          <reporter-output>
          </reporter-output>
        </test-method> <!-- testGetUserByName -->
        <test-method signature="testUpdateUserByName()[pri:3, instance:com.gh.tests.UserTests@1aafa419]" started-at="2023-09-19T10:54:04 IST" name="testUpdateUserByName" finished-at="2023-09-19T10:54:07 IST" duration-ms="2928" status="PASS">
          <reporter-output>
          </reporter-output>
        </test-method> <!-- testUpdateUserByName -->
        <test-method signature="testDeleteUserByName()[pri:4, instance:com.gh.tests.UserTests@1aafa419]" started-at="2023-09-19T10:54:07 IST" name="testDeleteUserByName" finished-at="2023-09-19T10:54:29 IST" duration-ms="22464" status="PASS">
          <reporter-output>
          </reporter-output>
        </test-method> <!-- testDeleteUserByName -->
      </class> <!-- com.gh.tests.UserTests -->
    </test> <!-- Default test -->
  </suite> <!-- Default suite -->
</testng-results>
