<?xml version="1.0" encoding="UTF-8"?>
<!-- Generated by org.testng.reporters.JUnitXMLReporter -->
<testsuite ignored="0" hostname="Hariprasad" failures="0" tests="4" name="PetTests" time="12.398" errors="0" timestamp="2023-09-19T11:53:06 IST">
  <testcase classname="com.gh.tests.UserTests" name="testPostUser" time="4.711"/>
  <testcase classname="com.gh.tests.UserTests" name="testGetUserByName" time="1.688"/>
  <testcase classname="com.gh.tests.UserTests" name="testUpdateUserByName" time="3.14"/>
  <testcase classname="com.gh.tests.UserTests" name="testDeleteUserByName" time="1.531"/>
</testsuite> <!-- PetTests -->
