<?xml version="1.0" encoding="UTF-8"?>
<!-- Generated by org.testng.reporters.JUnitXMLReporter -->
<testsuite ignored="0" hostname="Hariprasad" failures="0" tests="6" name="PetTests" time="15.03" errors="0" timestamp="2023-09-19T10:45:37 IST">
  <testcase classname="com.gh.tests.DDTests" name="testPostuser" time="4.1"/>
  <testcase classname="com.gh.tests.DDTests" name="testPostuser" time="1.593"/>
  <testcase classname="com.gh.tests.DDTests" name="testPostuser" time="1.527"/>
  <testcase classname="com.gh.tests.DDTests" name="testDeleteUserByName" time="1.643"/>
  <testcase classname="com.gh.tests.DDTests" name="testDeleteUserByName" time="1.581"/>
  <testcase classname="com.gh.tests.DDTests" name="testDeleteUserByName" time="1.609"/>
</testsuite> <!-- PetTests -->
